{"meta": {"format": 3, "version": "7.11.3", "timestamp": "2025-11-15T08:18:28.125794", "branch_coverage": false, "show_contexts": false}, "files": {"hitl_mcp_cli/__init__.py": {"executed_lines": [1, 3], "summary": {"covered_lines": 1, "num_statements": 1, "percent_covered": 100.0, "percent_covered_display": "100", "missing_lines": 0, "excluded_lines": 0}, "missing_lines": [], "excluded_lines": [], "functions": {"": {"executed_lines": [1, 3], "summary": {"covered_lines": 1, "num_statements": 1, "percent_covered": 100.0, "percent_covered_display": "100", "missing_lines": 0, "excluded_lines": 0}, "missing_lines": [], "excluded_lines": []}}, "classes": {"": {"executed_lines": [1, 3], "summary": {"covered_lines": 1, "num_statements": 1, "percent_covered": 100.0, "percent_covered_display": "100", "missing_lines": 0, "excluded_lines": 0}, "missing_lines": [], "excluded_lines": []}}}, "hitl_mcp_cli/cli.py": {"executed_lines": [], "summary": {"covered_lines": 0, "num_statements": 46, "percent_covered": 0.0, "percent_covered_display": "0", "missing_lines": 46, "excluded_lines": 0}, "missing_lines": [3, 4, 5, 6, 8, 9, 12, 13, 17, 20, 23, 24, 25, 27, 31, 34, 37, 40, 47, 50, 51, 53, 54, 55, 58, 59, 61, 63, 64, 66, 68, 69, 72, 76, 79, 80, 82, 94, 102, 103, 104, 105, 106, 107, 110, 111], "excluded_lines": [], "functions": {"main": {"executed_lines": [], "summary": {"covered_lines": 0, "num_statements": 34, "percent_covered": 0.0, "percent_covered_display": "0", "missing_lines": 34, "excluded_lines": 0}, "missing_lines": [23, 24, 25, 27, 31, 34, 37, 40, 47, 50, 51, 53, 54, 55, 58, 59, 61, 63, 64, 66, 68, 69, 72, 76, 79, 80, 82, 94, 102, 103, 104, 105, 106, 107], "excluded_lines": []}, "": {"executed_lines": [], "summary": {"covered_lines": 0, "num_statements": 12, "percent_covered": 0.0, "percent_covered_display": "0", "missing_lines": 12, "excluded_lines": 0}, "missing_lines": [3, 4, 5, 6, 8, 9, 12, 13, 17, 20, 110, 111], "excluded_lines": []}}, "classes": {"": {"executed_lines": [], "summary": {"covered_lines": 0, "num_statements": 46, "percent_covered": 0.0, "percent_covered_display": "0", "missing_lines": 46, "excluded_lines": 0}, "missing_lines": [3, 4, 5, 6, 8, 9, 12, 13, 17, 20, 23, 24, 25, 27, 31, 34, 37, 40, 47, 50, 51, 53, 54, 55, 58, 59, 61, 63, 64, 66, 68, 69, 72, 76, 79, 80, 82, 94, 102, 103, 104, 105, 106, 107, 110, 111], "excluded_lines": []}}}, "hitl_mcp_cli/coordination/__init__.py": {"executed_lines": [1, 15, 16, 17, 18, 19, 20, 21, 23], "summary": {"covered_lines": 8, "num_statements": 8, "percent_covered": 100.0, "percent_covered_display": "100", "missing_lines": 0, "excluded_lines": 0}, "missing_lines": [], "excluded_lines": [], "functions": {"": {"executed_lines": [1, 15, 16, 17, 18, 19, 20, 21, 23], "summary": {"covered_lines": 8, "num_statements": 8, "percent_covered": 100.0, "percent_covered_display": "100", "missing_lines": 0, "excluded_lines": 0}, "missing_lines": [], "excluded_lines": []}}, "classes": {"": {"executed_lines": [1, 15, 16, 17, 18, 19, 20, 21, 23], "summary": {"covered_lines": 8, "num_statements": 8, "percent_covered": 100.0, "percent_covered_display": "100", "missing_lines": 0, "excluded_lines": 0}, "missing_lines": [], "excluded_lines": []}}}, "hitl_mcp_cli/coordination/auth.py": {"executed_lines": [1, 3, 4, 5, 6, 7, 8, 10, 13, 14, 15, 17, 18, 19, 20, 21, 22, 23, 26, 27, 33, 35, 36, 38, 59, 60, 63, 66, 75, 76, 78, 80, 90, 91, 92, 95, 96, 98, 107, 108, 110, 120, 121, 125, 126, 128, 130, 140, 141, 144, 146, 155, 157, 166, 167, 168, 171, 172, 174, 176, 186, 187, 190, 191, 193, 203, 204, 208, 209, 211, 213, 223, 224, 227, 228, 232, 266, 297], "summary": {"covered_lines": 75, "num_statements": 113, "percent_covered": 66.3716814159292, "percent_covered_display": "66", "missing_lines": 38, "excluded_lines": 0}, "missing_lines": [122, 142, 188, 205, 225, 242, 243, 245, 246, 248, 249, 252, 253, 256, 258, 260, 262, 277, 278, 279, 281, 282, 285, 286, 290, 292, 294, 307, 308, 309, 310, 312, 313, 316, 317, 319, 321, 323], "excluded_lines": [], "functions": {"AuthManager.__init__": {"executed_lines": [35, 36], "summary": {"covered_lines": 2, "num_statements": 2, "percent_covered": 100.0, "percent_covered_display": "100", "missing_lines": 0, "excluded_lines": 0}, "missing_lines": [], "excluded_lines": []}, "AuthManager.register_agent": {"executed_lines": [59, 60, 63, 66, 75, 76, 78], "summary": {"covered_lines": 7, "num_statements": 7, "percent_covered": 100.0, "percent_covered_display": "100", "missing_lines": 0, "excluded_lines": 0}, "missing_lines": [], "excluded_lines": []}, "AuthManager.authenticate": {"executed_lines": [90, 91, 92, 95, 96], "summary": {"covered_lines": 5, "num_statements": 5, "percent_covered": 100.0, "percent_covered_display": "100", "missing_lines": 0, "excluded_lines": 0}, "missing_lines": [], "excluded_lines": []}, "AuthManager.get_agent_from_key": {"executed_lines": [107, 108], "summary": {"covered_lines": 2, "num_statements": 2, "percent_covered": 100.0, "percent_covered_display": "100", "missing_lines": 0, "excluded_lines": 0}, "missing_lines": [], "excluded_lines": []}, "AuthManager.verify_channel_access": {"executed_lines": [120, 121, 125, 126, 128], "summary": {"covered_lines": 5, "num_statements": 6, "percent_covered": 83.33333333333333, "percent_covered_display": "83", "missing_lines": 1, "excluded_lines": 0}, "missing_lines": [122], "excluded_lines": []}, "AuthManager.verify_permission": {"executed_lines": [140, 141, 144], "summary": {"covered_lines": 3, "num_statements": 4, "percent_covered": 75.0, "percent_covered_display": "75", "missing_lines": 1, "excluded_lines": 0}, "missing_lines": [142], "excluded_lines": []}, "AuthManager.get_agent": {"executed_lines": [155], "summary": {"covered_lines": 1, "num_statements": 1, "percent_covered": 100.0, "percent_covered_display": "100", "missing_lines": 0, "excluded_lines": 0}, "missing_lines": [], "excluded_lines": []}, "AuthManager.revoke_agent": {"executed_lines": [166, 167, 168, 171, 172, 174], "summary": {"covered_lines": 6, "num_statements": 6, "percent_covered": 100.0, "percent_covered_display": "100", "missing_lines": 0, "excluded_lines": 0}, "missing_lines": [], "excluded_lines": []}, "AuthManager.update_permissions": {"executed_lines": [186, 187, 190, 191], "summary": {"covered_lines": 4, "num_statements": 5, "percent_covered": 80.0, "percent_covered_display": "80", "missing_lines": 1, "excluded_lines": 0}, "missing_lines": [188], "excluded_lines": []}, "AuthManager.grant_channel_access": {"executed_lines": [203, 204, 208, 209, 211], "summary": {"covered_lines": 5, "num_statements": 6, "percent_covered": 83.33333333333333, "percent_covered_display": "83", "missing_lines": 1, "excluded_lines": 0}, "missing_lines": [205], "excluded_lines": []}, "AuthManager.revoke_channel_access": {"executed_lines": [223, 224, 227, 228], "summary": {"covered_lines": 4, "num_statements": 5, "percent_covered": 80.0, "percent_covered_display": "80", "missing_lines": 1, "excluded_lines": 0}, "missing_lines": [225], "excluded_lines": []}, "require_auth": {"executed_lines": [], "summary": {"covered_lines": 0, "num_statements": 2, "percent_covered": 0.0, "percent_covered_display": "0", "missing_lines": 2, "excluded_lines": 0}, "missing_lines": [242, 262], "excluded_lines": []}, "require_auth.decorator": {"executed_lines": [], "summary": {"covered_lines": 0, "num_statements": 2, "percent_covered": 0.0, "percent_covered_display": "0", "missing_lines": 2, "excluded_lines": 0}, "missing_lines": [243, 260], "excluded_lines": []}, "require_auth.decorator.wrapper": {"executed_lines": [], "summary": {"covered_lines": 0, "num_statements": 8, "percent_covered": 0.0, "percent_covered_display": "0", "missing_lines": 8, "excluded_lines": 0}, "missing_lines": [245, 246, 248, 249, 252, 253, 256, 258], "excluded_lines": []}, "require_permission": {"executed_lines": [], "summary": {"covered_lines": 0, "num_statements": 2, "percent_covered": 0.0, "percent_covered_display": "0", "missing_lines": 2, "excluded_lines": 0}, "missing_lines": [277, 294], "excluded_lines": []}, "require_permission.decorator": {"executed_lines": [], "summary": {"covered_lines": 0, "num_statements": 2, "percent_covered": 0.0, "percent_covered_display": "0", "missing_lines": 2, "excluded_lines": 0}, "missing_lines": [278, 292], "excluded_lines": []}, "require_permission.decorator.wrapper": {"executed_lines": [], "summary": {"covered_lines": 0, "num_statements": 6, "percent_covered": 0.0, "percent_covered_display": "0", "missing_lines": 6, "excluded_lines": 0}, "missing_lines": [279, 281, 282, 285, 286, 290], "excluded_lines": []}, "require_channel_access": {"executed_lines": [], "summary": {"covered_lines": 0, "num_statements": 2, "percent_covered": 0.0, "percent_covered_display": "0", "missing_lines": 2, "excluded_lines": 0}, "missing_lines": [307, 323], "excluded_lines": []}, "require_channel_access.decorator": {"executed_lines": [], "summary": {"covered_lines": 0, "num_statements": 2, "percent_covered": 0.0, "percent_covered_display": "0", "missing_lines": 2, "excluded_lines": 0}, "missing_lines": [308, 321], "excluded_lines": []}, "require_channel_access.decorator.wrapper": {"executed_lines": [], "summary": {"covered_lines": 0, "num_statements": 7, "percent_covered": 0.0, "percent_covered_display": "0", "missing_lines": 7, "excluded_lines": 0}, "missing_lines": [309, 310, 312, 313, 316, 317, 319], "excluded_lines": []}, "": {"executed_lines": [1, 3, 4, 5, 6, 7, 8, 10, 13, 14, 15, 17, 18, 19, 20, 21, 22, 23, 26, 27, 33, 38, 80, 98, 110, 130, 146, 157, 176, 193, 213, 232, 266, 297], "summary": {"covered_lines": 31, "num_statements": 31, "percent_covered": 100.0, "percent_covered_display": "100", "missing_lines": 0, "excluded_lines": 0}, "missing_lines": [], "excluded_lines": []}}, "classes": {"Agent": {"executed_lines": [], "summary": {"covered_lines": 0, "num_statements": 0, "percent_covered": 100.0, "percent_covered_display": "100", "missing_lines": 0, "excluded_lines": 0}, "missing_lines": [], "excluded_lines": []}, "AuthManager": {"executed_lines": [35, 36, 59, 60, 63, 66, 75, 76, 78, 90, 91, 92, 95, 96, 107, 108, 120, 121, 125, 126, 128, 140, 141, 144, 155, 166, 167, 168, 171, 172, 174, 186, 187, 190, 191, 203, 204, 208, 209, 211, 223, 224, 227, 228], "summary": {"covered_lines": 44, "num_statements": 49, "percent_covered": 89.79591836734694, "percent_covered_display": "90", "missing_lines": 5, "excluded_lines": 0}, "missing_lines": [122, 142, 188, 205, 225], "excluded_lines": []}, "": {"executed_lines": [1, 3, 4, 5, 6, 7, 8, 10, 13, 14, 15, 17, 18, 19, 20, 21, 22, 23, 26, 27, 33, 38, 80, 98, 110, 130, 146, 157, 176, 193, 213, 232, 266, 297], "summary": {"covered_lines": 31, "num_statements": 64, "percent_covered": 48.4375, "percent_covered_display": "48", "missing_lines": 33, "excluded_lines": 0}, "missing_lines": [242, 243, 245, 246, 248, 249, 252, 253, 256, 258, 260, 262, 277, 278, 279, 281, 282, 285, 286, 290, 292, 294, 307, 308, 309, 310, 312, 313, 316, 317, 319, 321, 323], "excluded_lines": []}}}, "hitl_mcp_cli/coordination/channels.py": {"executed_lines": [1, 3, 4, 5, 6, 7, 8, 9, 10, 12, 15, 16, 17, 23, 24, 25, 26, 27, 28, 29, 30, 32, 38, 39, 47, 48, 49, 51, 52, 53, 54, 55, 58, 59, 68, 75, 76, 77, 78, 79, 82, 85, 87, 96, 97, 98, 99, 101, 111, 113, 114, 116, 117, 119, 127, 134, 135, 136, 138, 156, 158, 159, 162, 163, 164, 167, 179, 180, 181, 182, 185, 188, 189, 192, 194, 196, 214, 215, 218, 219, 220, 221, 222, 223, 226, 227, 228, 229, 230, 235, 237, 247, 248, 249, 250, 253, 262, 263, 264, 266, 275, 282, 283, 284, 289, 305, 314, 316, 322], "summary": {"covered_lines": 105, "num_statements": 118, "percent_covered": 88.98305084745763, "percent_covered_display": "89", "missing_lines": 13, "excluded_lines": 0}, "missing_lines": [34, 35, 36, 42, 43, 44, 231, 232, 251, 273, 285, 287, 295], "excluded_lines": [], "functions": {"Message.to_dict": {"executed_lines": [], "summary": {"covered_lines": 0, "num_statements": 3, "percent_covered": 0.0, "percent_covered_display": "0", "missing_lines": 3, "excluded_lines": 0}, "missing_lines": [34, 35, 36], "excluded_lines": []}, "Message.from_dict": {"executed_lines": [], "summary": {"covered_lines": 0, "num_statements": 3, "percent_covered": 0.0, "percent_covered_display": "0", "missing_lines": 3, "excluded_lines": 0}, "missing_lines": [42, 43, 44], "excluded_lines": []}, "ChannelStore.__init__": {"executed_lines": [75, 76, 77, 78, 79, 82, 85], "summary": {"covered_lines": 7, "num_statements": 7, "percent_covered": 100.0, "percent_covered_display": "100", "missing_lines": 0, "excluded_lines": 0}, "missing_lines": [], "excluded_lines": []}, "ChannelStore.create_channel": {"executed_lines": [96, 97, 98, 99], "summary": {"covered_lines": 4, "num_statements": 4, "percent_covered": 100.0, "percent_covered_display": "100", "missing_lines": 0, "excluded_lines": 0}, "missing_lines": [], "excluded_lines": []}, "ChannelStore.join_channel": {"executed_lines": [111, 113, 114, 116, 117, 119], "summary": {"covered_lines": 6, "num_statements": 6, "percent_covered": 100.0, "percent_covered_display": "100", "missing_lines": 0, "excluded_lines": 0}, "missing_lines": [], "excluded_lines": []}, "ChannelStore.leave_channel": {"executed_lines": [134, 135, 136], "summary": {"covered_lines": 3, "num_statements": 3, "percent_covered": 100.0, "percent_covered_display": "100", "missing_lines": 0, "excluded_lines": 0}, "missing_lines": [], "excluded_lines": []}, "ChannelStore.append": {"executed_lines": [156, 158, 159, 162, 163, 164, 167, 179, 180, 181, 182, 185, 188, 189, 192, 194], "summary": {"covered_lines": 16, "num_statements": 16, "percent_covered": 100.0, "percent_covered_display": "100", "missing_lines": 0, "excluded_lines": 0}, "missing_lines": [], "excluded_lines": []}, "ChannelStore.read": {"executed_lines": [214, 215, 218, 219, 220, 221, 222, 223, 226, 227, 228, 229, 230, 235], "summary": {"covered_lines": 14, "num_statements": 16, "percent_covered": 87.5, "percent_covered_display": "88", "missing_lines": 2, "excluded_lines": 0}, "missing_lines": [231, 232], "excluded_lines": []}, "ChannelStore.get_message": {"executed_lines": [247, 248, 249, 250], "summary": {"covered_lines": 4, "num_statements": 5, "percent_covered": 80.0, "percent_covered_display": "80", "missing_lines": 1, "excluded_lines": 0}, "missing_lines": [251], "excluded_lines": []}, "ChannelStore.subscribe": {"executed_lines": [262, 263, 264], "summary": {"covered_lines": 3, "num_statements": 3, "percent_covered": 100.0, "percent_covered_display": "100", "missing_lines": 0, "excluded_lines": 0}, "missing_lines": [], "excluded_lines": []}, "ChannelStore.unsubscribe": {"executed_lines": [], "summary": {"covered_lines": 0, "num_statements": 1, "percent_covered": 0.0, "percent_covered_display": "0", "missing_lines": 1, "excluded_lines": 0}, "missing_lines": [273], "excluded_lines": []}, "ChannelStore._notify_subscribers": {"executed_lines": [282, 283, 284], "summary": {"covered_lines": 3, "num_statements": 5, "percent_covered": 60.0, "percent_covered_display": "60", "missing_lines": 2, "excluded_lines": 0}, "missing_lines": [285, 287], "excluded_lines": []}, "ChannelStore.list_channels": {"executed_lines": [], "summary": {"covered_lines": 0, "num_statements": 1, "percent_covered": 0.0, "percent_covered_display": "0", "missing_lines": 1, "excluded_lines": 0}, "missing_lines": [295], "excluded_lines": []}, "ChannelStore.get_channel": {"executed_lines": [314], "summary": {"covered_lines": 1, "num_statements": 1, "percent_covered": 100.0, "percent_covered_display": "100", "missing_lines": 0, "excluded_lines": 0}, "missing_lines": [], "excluded_lines": []}, "ChannelStore.get_stats": {"executed_lines": [322], "summary": {"covered_lines": 1, "num_statements": 1, "percent_covered": 100.0, "percent_covered_display": "100", "missing_lines": 0, "excluded_lines": 0}, "missing_lines": [], "excluded_lines": []}, "": {"executed_lines": [1, 3, 4, 5, 6, 7, 8, 9, 10, 12, 15, 16, 17, 23, 24, 25, 26, 27, 28, 29, 30, 32, 38, 39, 47, 48, 49, 51, 52, 53, 54, 55, 58, 59, 68, 87, 101, 127, 138, 196, 237, 253, 266, 275, 289, 305, 316], "summary": {"covered_lines": 43, "num_statements": 43, "percent_covered": 100.0, "percent_covered_display": "100", "missing_lines": 0, "excluded_lines": 0}, "missing_lines": [], "excluded_lines": []}}, "classes": {"Message": {"executed_lines": [], "summary": {"covered_lines": 0, "num_statements": 6, "percent_covered": 0.0, "percent_covered_display": "0", "missing_lines": 6, "excluded_lines": 0}, "missing_lines": [34, 35, 36, 42, 43, 44], "excluded_lines": []}, "Channel": {"executed_lines": [], "summary": {"covered_lines": 0, "num_statements": 0, "percent_covered": 100.0, "percent_covered_display": "100", "missing_lines": 0, "excluded_lines": 0}, "missing_lines": [], "excluded_lines": []}, "ChannelStore": {"executed_lines": [75, 76, 77, 78, 79, 82, 85, 96, 97, 98, 99, 111, 113, 114, 116, 117, 119, 134, 135, 136, 156, 158, 159, 162, 163, 164, 167, 179, 180, 181, 182, 185, 188, 189, 192, 194, 214, 215, 218, 219, 220, 221, 222, 223, 226, 227, 228, 229, 230, 235, 247, 248, 249, 250, 262, 263, 264, 282, 283, 284, 314, 322], "summary": {"covered_lines": 62, "num_statements": 69, "percent_covered": 89.85507246376811, "percent_covered_display": "90", "missing_lines": 7, "excluded_lines": 0}, "missing_lines": [231, 232, 251, 273, 285, 287, 295], "excluded_lines": []}, "": {"executed_lines": [1, 3, 4, 5, 6, 7, 8, 9, 10, 12, 15, 16, 17, 23, 24, 25, 26, 27, 28, 29, 30, 32, 38, 39, 47, 48, 49, 51, 52, 53, 54, 55, 58, 59, 68, 87, 101, 127, 138, 196, 237, 253, 266, 275, 289, 305, 316], "summary": {"covered_lines": 43, "num_statements": 43, "percent_covered": 100.0, "percent_covered_display": "100", "missing_lines": 0, "excluded_lines": 0}, "missing_lines": [], "excluded_lines": []}}}, "hitl_mcp_cli/coordination/client.py": {"executed_lines": [], "summary": {"covered_lines": 0, "num_statements": 82, "percent_covered": 0.0, "percent_covered_display": "0", "missing_lines": 82, "excluded_lines": 0}, "missing_lines": [3, 4, 5, 7, 8, 9, 11, 12, 13, 16, 22, 30, 31, 32, 33, 35, 48, 55, 56, 58, 60, 62, 82, 83, 85, 93, 94, 96, 97, 99, 100, 102, 104, 117, 125, 126, 128, 129, 131, 132, 134, 137, 138, 140, 142, 156, 158, 159, 161, 162, 163, 165, 167, 169, 182, 189, 190, 192, 193, 195, 196, 198, 200, 209, 211, 212, 214, 215, 217, 219, 228, 230, 231, 233, 235, 237, 246, 248, 249, 251, 252, 254], "excluded_lines": [], "functions": {"CoordinationClient.__init__": {"executed_lines": [], "summary": {"covered_lines": 0, "num_statements": 4, "percent_covered": 0.0, "percent_covered_display": "0", "missing_lines": 4, "excluded_lines": 0}, "missing_lines": [30, 31, 32, 33], "excluded_lines": []}, "CoordinationClient.join_channel": {"executed_lines": [], "summary": {"covered_lines": 0, "num_statements": 5, "percent_covered": 0.0, "percent_covered_display": "0", "missing_lines": 5, "excluded_lines": 0}, "missing_lines": [48, 55, 56, 58, 60], "excluded_lines": []}, "CoordinationClient.send": {"executed_lines": [], "summary": {"covered_lines": 0, "num_statements": 10, "percent_covered": 0.0, "percent_covered_display": "0", "missing_lines": 10, "excluded_lines": 0}, "missing_lines": [82, 83, 85, 93, 94, 96, 97, 99, 100, 102], "excluded_lines": []}, "CoordinationClient.poll": {"executed_lines": [], "summary": {"covered_lines": 0, "num_statements": 11, "percent_covered": 0.0, "percent_covered_display": "0", "missing_lines": 11, "excluded_lines": 0}, "missing_lines": [117, 125, 126, 128, 129, 131, 132, 134, 137, 138, 140], "excluded_lines": []}, "CoordinationClient.wait_for": {"executed_lines": [], "summary": {"covered_lines": 0, "num_statements": 8, "percent_covered": 0.0, "percent_covered_display": "0", "missing_lines": 8, "excluded_lines": 0}, "missing_lines": [156, 158, 159, 161, 162, 163, 165, 167], "excluded_lines": []}, "CoordinationClient.acquire_lock": {"executed_lines": [], "summary": {"covered_lines": 0, "num_statements": 8, "percent_covered": 0.0, "percent_covered_display": "0", "missing_lines": 8, "excluded_lines": 0}, "missing_lines": [182, 189, 190, 192, 193, 195, 196, 198], "excluded_lines": []}, "CoordinationClient.release_lock": {"executed_lines": [], "summary": {"covered_lines": 0, "num_statements": 6, "percent_covered": 0.0, "percent_covered_display": "0", "missing_lines": 6, "excluded_lines": 0}, "missing_lines": [209, 211, 212, 214, 215, 217], "excluded_lines": []}, "CoordinationClient.heartbeat": {"executed_lines": [], "summary": {"covered_lines": 0, "num_statements": 5, "percent_covered": 0.0, "percent_covered_display": "0", "missing_lines": 5, "excluded_lines": 0}, "missing_lines": [228, 230, 231, 233, 235], "excluded_lines": []}, "CoordinationClient.leave_channel": {"executed_lines": [], "summary": {"covered_lines": 0, "num_statements": 6, "percent_covered": 0.0, "percent_covered_display": "0", "missing_lines": 6, "excluded_lines": 0}, "missing_lines": [246, 248, 249, 251, 252, 254], "excluded_lines": []}, "": {"executed_lines": [], "summary": {"covered_lines": 0, "num_statements": 19, "percent_covered": 0.0, "percent_covered_display": "0", "missing_lines": 19, "excluded_lines": 0}, "missing_lines": [3, 4, 5, 7, 8, 9, 11, 12, 13, 16, 22, 35, 62, 104, 142, 169, 200, 219, 237], "excluded_lines": []}}, "classes": {"CoordinationClient": {"executed_lines": [], "summary": {"covered_lines": 0, "num_statements": 63, "percent_covered": 0.0, "percent_covered_display": "0", "missing_lines": 63, "excluded_lines": 0}, "missing_lines": [30, 31, 32, 33, 48, 55, 56, 58, 60, 82, 83, 85, 93, 94, 96, 97, 99, 100, 102, 117, 125, 126, 128, 129, 131, 132, 134, 137, 138, 140, 156, 158, 159, 161, 162, 163, 165, 167, 182, 189, 190, 192, 193, 195, 196, 198, 209, 211, 212, 214, 215, 217, 228, 230, 231, 233, 235, 246, 248, 249, 251, 252, 254], "excluded_lines": []}, "": {"executed_lines": [], "summary": {"covered_lines": 0, "num_statements": 19, "percent_covered": 0.0, "percent_covered_display": "0", "missing_lines": 19, "excluded_lines": 0}, "missing_lines": [3, 4, 5, 7, 8, 9, 11, 12, 13, 16, 22, 35, 62, 104, 142, 169, 200, 219, 237], "excluded_lines": []}}}, "hitl_mcp_cli/coordination/heartbeat.py": {"executed_lines": [1, 3, 4, 5, 6, 7, 8, 10, 13, 14, 15, 17, 18, 19, 20, 21, 24, 25, 34, 47, 48, 49, 52, 55, 56, 59, 60, 62, 64, 65, 66, 67, 69, 71, 72, 73, 74, 75, 76, 77, 78, 80, 90, 92, 93, 101, 102, 103, 104, 105, 108, 114, 123, 124, 125, 127, 128, 129, 131, 141, 150, 151, 152, 153, 154, 156, 158, 164, 166, 172, 174, 185, 187, 189, 190, 191, 194, 196, 197, 198, 199, 204, 205, 206, 208, 214, 215, 216, 217, 221, 222, 223, 224, 228, 234, 235, 236, 238], "summary": {"covered_lines": 95, "num_statements": 109, "percent_covered": 87.1559633027523, "percent_covered_display": "87", "missing_lines": 14, "excluded_lines": 0}, "missing_lines": [106, 176, 177, 178, 179, 180, 181, 182, 183, 201, 218, 219, 225, 226], "excluded_lines": [], "functions": {"HeartbeatManager.__init__": {"executed_lines": [47, 48, 49, 52, 55, 56, 59, 60], "summary": {"covered_lines": 8, "num_statements": 8, "percent_covered": 100.0, "percent_covered_display": "100", "missing_lines": 0, "excluded_lines": 0}, "missing_lines": [], "excluded_lines": []}, "HeartbeatManager.start": {"executed_lines": [64, 65, 66, 67], "summary": {"covered_lines": 4, "num_statements": 4, "percent_covered": 100.0, "percent_covered_display": "100", "missing_lines": 0, "excluded_lines": 0}, "missing_lines": [], "excluded_lines": []}, "HeartbeatManager.stop": {"executed_lines": [71, 72, 73, 74, 75, 76, 77, 78], "summary": {"covered_lines": 8, "num_statements": 8, "percent_covered": 100.0, "percent_covered_display": "100", "missing_lines": 0, "excluded_lines": 0}, "missing_lines": [], "excluded_lines": []}, "HeartbeatManager.heartbeat": {"executed_lines": [90, 92, 93, 101, 102, 103, 104, 105, 108], "summary": {"covered_lines": 9, "num_statements": 10, "percent_covered": 90.0, "percent_covered_display": "90", "missing_lines": 1, "excluded_lines": 0}, "missing_lines": [106], "excluded_lines": []}, "HeartbeatManager.get_agent_status": {"executed_lines": [123, 124, 125, 127, 128, 129, 131], "summary": {"covered_lines": 7, "num_statements": 7, "percent_covered": 100.0, "percent_covered_display": "100", "missing_lines": 0, "excluded_lines": 0}, "missing_lines": [], "excluded_lines": []}, "HeartbeatManager.list_agents": {"executed_lines": [150, 151, 152, 153, 154, 156], "summary": {"covered_lines": 6, "num_statements": 6, "percent_covered": 100.0, "percent_covered_display": "100", "missing_lines": 0, "excluded_lines": 0}, "missing_lines": [], "excluded_lines": []}, "HeartbeatManager.register_missing_callback": {"executed_lines": [164], "summary": {"covered_lines": 1, "num_statements": 1, "percent_covered": 100.0, "percent_covered_display": "100", "missing_lines": 0, "excluded_lines": 0}, "missing_lines": [], "excluded_lines": []}, "HeartbeatManager.register_dead_callback": {"executed_lines": [172], "summary": {"covered_lines": 1, "num_statements": 1, "percent_covered": 100.0, "percent_covered_display": "100", "missing_lines": 0, "excluded_lines": 0}, "missing_lines": [], "excluded_lines": []}, "HeartbeatManager._monitor_loop": {"executed_lines": [], "summary": {"covered_lines": 0, "num_statements": 8, "percent_covered": 0.0, "percent_covered_display": "0", "missing_lines": 8, "excluded_lines": 0}, "missing_lines": [176, 177, 178, 179, 180, 181, 182, 183], "excluded_lines": []}, "HeartbeatManager._check_agents": {"executed_lines": [187, 189, 190, 191, 194, 196, 197, 198, 199, 204, 205, 206, 208, 214, 215, 216, 217, 221, 222, 223, 224], "summary": {"covered_lines": 21, "num_statements": 26, "percent_covered": 80.76923076923077, "percent_covered_display": "81", "missing_lines": 5, "excluded_lines": 0}, "missing_lines": [201, 218, 219, 225, 226], "excluded_lines": []}, "HeartbeatManager.get_stats": {"executed_lines": [234, 235, 236, 238], "summary": {"covered_lines": 4, "num_statements": 4, "percent_covered": 100.0, "percent_covered_display": "100", "missing_lines": 0, "excluded_lines": 0}, "missing_lines": [], "excluded_lines": []}, "": {"executed_lines": [1, 3, 4, 5, 6, 7, 8, 10, 13, 14, 15, 17, 18, 19, 20, 21, 24, 25, 34, 62, 69, 80, 114, 141, 158, 166, 174, 185, 228], "summary": {"covered_lines": 26, "num_statements": 26, "percent_covered": 100.0, "percent_covered_display": "100", "missing_lines": 0, "excluded_lines": 0}, "missing_lines": [], "excluded_lines": []}}, "classes": {"AgentHealth": {"executed_lines": [], "summary": {"covered_lines": 0, "num_statements": 0, "percent_covered": 100.0, "percent_covered_display": "100", "missing_lines": 0, "excluded_lines": 0}, "missing_lines": [], "excluded_lines": []}, "HeartbeatManager": {"executed_lines": [47, 48, 49, 52, 55, 56, 59, 60, 64, 65, 66, 67, 71, 72, 73, 74, 75, 76, 77, 78, 90, 92, 93, 101, 102, 103, 104, 105, 108, 123, 124, 125, 127, 128, 129, 131, 150, 151, 152, 153, 154, 156, 164, 172, 187, 189, 190, 191, 194, 196, 197, 198, 199, 204, 205, 206, 208, 214, 215, 216, 217, 221, 222, 223, 224, 234, 235, 236, 238], "summary": {"covered_lines": 69, "num_statements": 83, "percent_covered": 83.13253012048193, "percent_covered_display": "83", "missing_lines": 14, "excluded_lines": 0}, "missing_lines": [106, 176, 177, 178, 179, 180, 181, 182, 183, 201, 218, 219, 225, 226], "excluded_lines": []}, "": {"executed_lines": [1, 3, 4, 5, 6, 7, 8, 10, 13, 14, 15, 17, 18, 19, 20, 21, 24, 25, 34, 62, 69, 80, 114, 141, 158, 166, 174, 185, 228], "summary": {"covered_lines": 26, "num_statements": 26, "percent_covered": 100.0, "percent_covered_display": "100", "missing_lines": 0, "excluded_lines": 0}, "missing_lines": [], "excluded_lines": []}}}, "hitl_mcp_cli/coordination/locks.py": {"executed_lines": [1, 3, 4, 5, 6, 7, 8, 10, 13, 14, 15, 17, 18, 19, 20, 21, 22, 25, 26, 35, 37, 39, 40, 41, 44, 46, 51, 61, 84, 85, 86, 88, 89, 91, 93, 94, 96, 97, 105, 106, 108, 116, 117, 119, 127, 129, 143, 144, 145, 146, 147, 149, 152, 153, 154, 157, 158, 161, 162, 164, 166, 175, 176, 178, 179, 180, 181, 182, 183, 185, 186, 188, 197, 198, 199, 202, 205, 214, 220, 221, 234, 246, 248, 249, 251, 252, 253, 255, 256, 257, 258, 259, 261, 267], "summary": {"covered_lines": 91, "num_statements": 111, "percent_covered": 81.98198198198199, "percent_covered_display": "82", "missing_lines": 20, "excluded_lines": 0}, "missing_lines": [48, 49, 53, 54, 55, 56, 57, 58, 59, 150, 155, 203, 236, 237, 238, 239, 240, 241, 242, 244], "excluded_lines": [], "functions": {"LockManager.__init__": {"executed_lines": [39, 40, 41, 44], "summary": {"covered_lines": 4, "num_statements": 4, "percent_covered": 100.0, "percent_covered_display": "100", "missing_lines": 0, "excluded_lines": 0}, "missing_lines": [], "excluded_lines": []}, "LockManager.start": {"executed_lines": [], "summary": {"covered_lines": 0, "num_statements": 2, "percent_covered": 0.0, "percent_covered_display": "0", "missing_lines": 2, "excluded_lines": 0}, "missing_lines": [48, 49], "excluded_lines": []}, "LockManager.stop": {"executed_lines": [], "summary": {"covered_lines": 0, "num_statements": 7, "percent_covered": 0.0, "percent_covered_display": "0", "missing_lines": 7, "excluded_lines": 0}, "missing_lines": [53, 54, 55, 56, 57, 58, 59], "excluded_lines": []}, "LockManager.acquire": {"executed_lines": [84, 85, 86, 88, 89, 91, 93, 94, 96, 97, 105, 106, 108, 116, 117, 119, 127], "summary": {"covered_lines": 17, "num_statements": 17, "percent_covered": 100.0, "percent_covered_display": "100", "missing_lines": 0, "excluded_lines": 0}, "missing_lines": [], "excluded_lines": []}, "LockManager.release": {"executed_lines": [143, 144, 145, 146, 147, 149, 152, 153, 154, 157, 158, 161, 162, 164], "summary": {"covered_lines": 14, "num_statements": 16, "percent_covered": 87.5, "percent_covered_display": "88", "missing_lines": 2, "excluded_lines": 0}, "missing_lines": [150, 155], "excluded_lines": []}, "LockManager.release_all": {"executed_lines": [175, 176, 178, 179, 180, 181, 182, 183, 185, 186], "summary": {"covered_lines": 10, "num_statements": 10, "percent_covered": 100.0, "percent_covered_display": "100", "missing_lines": 0, "excluded_lines": 0}, "missing_lines": [], "excluded_lines": []}, "LockManager.get_lock_status": {"executed_lines": [197, 198, 199, 202, 205], "summary": {"covered_lines": 5, "num_statements": 6, "percent_covered": 83.33333333333333, "percent_covered_display": "83", "missing_lines": 1, "excluded_lines": 0}, "missing_lines": [203], "excluded_lines": []}, "LockManager.list_locks": {"executed_lines": [220, 221], "summary": {"covered_lines": 2, "num_statements": 2, "percent_covered": 100.0, "percent_covered_display": "100", "missing_lines": 0, "excluded_lines": 0}, "missing_lines": [], "excluded_lines": []}, "LockManager._cleanup_loop": {"executed_lines": [], "summary": {"covered_lines": 0, "num_statements": 8, "percent_covered": 0.0, "percent_covered_display": "0", "missing_lines": 8, "excluded_lines": 0}, "missing_lines": [236, 237, 238, 239, 240, 241, 242, 244], "excluded_lines": []}, "LockManager._cleanup_expired": {"executed_lines": [248, 249, 251, 252, 253, 255, 256, 257, 258, 259], "summary": {"covered_lines": 10, "num_statements": 10, "percent_covered": 100.0, "percent_covered_display": "100", "missing_lines": 0, "excluded_lines": 0}, "missing_lines": [], "excluded_lines": []}, "LockManager.get_stats": {"executed_lines": [267], "summary": {"covered_lines": 1, "num_statements": 1, "percent_covered": 100.0, "percent_covered_display": "100", "missing_lines": 0, "excluded_lines": 0}, "missing_lines": [], "excluded_lines": []}, "": {"executed_lines": [1, 3, 4, 5, 6, 7, 8, 10, 13, 14, 15, 17, 18, 19, 20, 21, 22, 25, 26, 35, 37, 46, 51, 61, 129, 166, 188, 214, 234, 246, 261], "summary": {"covered_lines": 28, "num_statements": 28, "percent_covered": 100.0, "percent_covered_display": "100", "missing_lines": 0, "excluded_lines": 0}, "missing_lines": [], "excluded_lines": []}}, "classes": {"Lock": {"executed_lines": [], "summary": {"covered_lines": 0, "num_statements": 0, "percent_covered": 100.0, "percent_covered_display": "100", "missing_lines": 0, "excluded_lines": 0}, "missing_lines": [], "excluded_lines": []}, "LockManager": {"executed_lines": [39, 40, 41, 44, 84, 85, 86, 88, 89, 91, 93, 94, 96, 97, 105, 106, 108, 116, 117, 119, 127, 143, 144, 145, 146, 147, 149, 152, 153, 154, 157, 158, 161, 162, 164, 175, 176, 178, 179, 180, 181, 182, 183, 185, 186, 197, 198, 199, 202, 205, 220, 221, 248, 249, 251, 252, 253, 255, 256, 257, 258, 259, 267], "summary": {"covered_lines": 63, "num_statements": 83, "percent_covered": 75.90361445783132, "percent_covered_display": "76", "missing_lines": 20, "excluded_lines": 0}, "missing_lines": [48, 49, 53, 54, 55, 56, 57, 58, 59, 150, 155, 203, 236, 237, 238, 239, 240, 241, 242, 244], "excluded_lines": []}, "": {"executed_lines": [1, 3, 4, 5, 6, 7, 8, 10, 13, 14, 15, 17, 18, 19, 20, 21, 22, 25, 26, 35, 37, 46, 51, 61, 129, 166, 188, 214, 234, 246, 261], "summary": {"covered_lines": 28, "num_statements": 28, "percent_covered": 100.0, "percent_covered_display": "100", "missing_lines": 0, "excluded_lines": 0}, "missing_lines": [], "excluded_lines": []}}}, "hitl_mcp_cli/coordination/metrics.py": {"executed_lines": [1, 3, 6, 12, 17, 19, 21, 24, 26, 28, 30, 35, 37, 40, 44, 49, 51, 53, 55, 58, 66], "summary": {"covered_lines": 20, "num_statements": 31, "percent_covered": 64.51612903225806, "percent_covered_display": "65", "missing_lines": 11, "excluded_lines": 0}, "missing_lines": [72, 74, 75, 77, 78, 81, 84, 85, 86, 87, 88], "excluded_lines": [], "functions": {"update_metrics": {"executed_lines": [], "summary": {"covered_lines": 0, "num_statements": 11, "percent_covered": 0.0, "percent_covered_display": "0", "missing_lines": 11, "excluded_lines": 0}, "missing_lines": [72, 74, 75, 77, 78, 81, 84, 85, 86, 87, 88], "excluded_lines": []}, "": {"executed_lines": [1, 3, 6, 12, 17, 19, 21, 24, 26, 28, 30, 35, 37, 40, 44, 49, 51, 53, 55, 58, 66], "summary": {"covered_lines": 20, "num_statements": 20, "percent_covered": 100.0, "percent_covered_display": "100", "missing_lines": 0, "excluded_lines": 0}, "missing_lines": [], "excluded_lines": []}}, "classes": {"": {"executed_lines": [1, 3, 6, 12, 17, 19, 21, 24, 26, 28, 30, 35, 37, 40, 44, 49, 51, 53, 55, 58, 66], "summary": {"covered_lines": 20, "num_statements": 31, "percent_covered": 64.51612903225806, "percent_covered_display": "65", "missing_lines": 11, "excluded_lines": 0}, "missing_lines": [72, 74, 75, 77, 78, 81, 84, 85, 86, 87, 88], "excluded_lines": []}}}, "hitl_mcp_cli/coordination/ratelimit.py": {"executed_lines": [1, 3, 4, 5, 6, 8, 11, 12, 13, 18, 19, 20, 21, 23, 25, 26, 29, 30, 31, 33, 42, 44, 45, 46, 48, 50, 56, 57, 59, 68, 69, 71, 74, 77, 78, 80, 91, 92, 95, 98, 103, 106, 108, 115, 118, 124, 133, 134, 135, 139, 141, 151, 153, 154, 155, 163, 164, 166, 168, 169, 170, 174, 176, 185, 186, 187, 189, 197, 203, 204, 205, 206, 207, 208, 211, 212, 213, 215, 216, 218, 224, 233, 234, 236, 238, 239], "summary": {"covered_lines": 82, "num_statements": 87, "percent_covered": 94.25287356321839, "percent_covered_display": "94", "missing_lines": 5, "excluded_lines": 0}, "missing_lines": [72, 119, 120, 121, 122], "excluded_lines": [], "functions": {"TokenBucket.refill": {"executed_lines": [25, 26, 29, 30, 31], "summary": {"covered_lines": 5, "num_statements": 5, "percent_covered": 100.0, "percent_covered_display": "100", "missing_lines": 0, "excluded_lines": 0}, "missing_lines": [], "excluded_lines": []}, "TokenBucket.consume": {"executed_lines": [42, 44, 45, 46, 48], "summary": {"covered_lines": 5, "num_statements": 5, "percent_covered": 100.0, "percent_covered_display": "100", "missing_lines": 0, "excluded_lines": 0}, "missing_lines": [], "excluded_lines": []}, "TokenBucket.get_available": {"executed_lines": [56, 57], "summary": {"covered_lines": 2, "num_statements": 2, "percent_covered": 100.0, "percent_covered_display": "100", "missing_lines": 0, "excluded_lines": 0}, "missing_lines": [], "excluded_lines": []}, "TokenBucket.get_wait_time": {"executed_lines": [68, 69, 71, 74], "summary": {"covered_lines": 4, "num_statements": 5, "percent_covered": 80.0, "percent_covered_display": "80", "missing_lines": 1, "excluded_lines": 0}, "missing_lines": [72], "excluded_lines": []}, "RateLimiter.__init__": {"executed_lines": [91, 92, 95, 98, 103, 106], "summary": {"covered_lines": 6, "num_statements": 6, "percent_covered": 100.0, "percent_covered_display": "100", "missing_lines": 0, "excluded_lines": 0}, "missing_lines": [], "excluded_lines": []}, "RateLimiter.set_agent_limit": {"executed_lines": [115, 118], "summary": {"covered_lines": 2, "num_statements": 6, "percent_covered": 33.333333333333336, "percent_covered_display": "33", "missing_lines": 4, "excluded_lines": 0}, "missing_lines": [119, 120, 121, 122], "excluded_lines": []}, "RateLimiter._get_agent_bucket": {"executed_lines": [133, 134, 135, 139], "summary": {"covered_lines": 4, "num_statements": 4, "percent_covered": 100.0, "percent_covered_display": "100", "missing_lines": 0, "excluded_lines": 0}, "missing_lines": [], "excluded_lines": []}, "RateLimiter.check": {"executed_lines": [151, 153, 154, 155, 163, 164, 166, 168, 169, 170, 174], "summary": {"covered_lines": 11, "num_statements": 11, "percent_covered": 100.0, "percent_covered_display": "100", "missing_lines": 0, "excluded_lines": 0}, "missing_lines": [], "excluded_lines": []}, "RateLimiter.get_status": {"executed_lines": [185, 186, 187, 189], "summary": {"covered_lines": 4, "num_statements": 4, "percent_covered": 100.0, "percent_covered_display": "100", "missing_lines": 0, "excluded_lines": 0}, "missing_lines": [], "excluded_lines": []}, "RateLimiter.reset": {"executed_lines": [203, 204, 205, 206, 207, 208, 211, 212, 213, 215, 216], "summary": {"covered_lines": 11, "num_statements": 11, "percent_covered": 100.0, "percent_covered_display": "100", "missing_lines": 0, "excluded_lines": 0}, "missing_lines": [], "excluded_lines": []}, "RateLimiter.get_stats": {"executed_lines": [224], "summary": {"covered_lines": 1, "num_statements": 1, "percent_covered": 100.0, "percent_covered_display": "100", "missing_lines": 0, "excluded_lines": 0}, "missing_lines": [], "excluded_lines": []}, "RateLimitExceeded.add_details": {"executed_lines": [238, 239], "summary": {"covered_lines": 2, "num_statements": 2, "percent_covered": 100.0, "percent_covered_display": "100", "missing_lines": 0, "excluded_lines": 0}, "missing_lines": [], "excluded_lines": []}, "": {"executed_lines": [1, 3, 4, 5, 6, 8, 11, 12, 13, 18, 19, 20, 21, 23, 33, 50, 59, 77, 78, 80, 108, 124, 141, 176, 197, 218, 233, 234, 236], "summary": {"covered_lines": 25, "num_statements": 25, "percent_covered": 100.0, "percent_covered_display": "100", "missing_lines": 0, "excluded_lines": 0}, "missing_lines": [], "excluded_lines": []}}, "classes": {"TokenBucket": {"executed_lines": [25, 26, 29, 30, 31, 42, 44, 45, 46, 48, 56, 57, 68, 69, 71, 74], "summary": {"covered_lines": 16, "num_statements": 17, "percent_covered": 94.11764705882354, "percent_covered_display": "94", "missing_lines": 1, "excluded_lines": 0}, "missing_lines": [72], "excluded_lines": []}, "RateLimiter": {"executed_lines": [91, 92, 95, 98, 103, 106, 115, 118, 133, 134, 135, 139, 151, 153, 154, 155, 163, 164, 166, 168, 169, 170, 174, 185, 186, 187, 189, 203, 204, 205, 206, 207, 208, 211, 212, 213, 215, 216, 224], "summary": {"covered_lines": 39, "num_statements": 43, "percent_covered": 90.69767441860465, "percent_covered_display": "91", "missing_lines": 4, "excluded_lines": 0}, "missing_lines": [119, 120, 121, 122], "excluded_lines": []}, "RateLimitExceeded": {"executed_lines": [238, 239], "summary": {"covered_lines": 2, "num_statements": 2, "percent_covered": 100.0, "percent_covered_display": "100", "missing_lines": 0, "excluded_lines": 0}, "missing_lines": [], "excluded_lines": []}, "": {"executed_lines": [1, 3, 4, 5, 6, 8, 11, 12, 13, 18, 19, 20, 21, 23, 33, 50, 59, 77, 78, 80, 108, 124, 141, 176, 197, 218, 233, 234, 236], "summary": {"covered_lines": 25, "num_statements": 25, "percent_covered": 100.0, "percent_covered_display": "100", "missing_lines": 0, "excluded_lines": 0}, "missing_lines": [], "excluded_lines": []}}}, "hitl_mcp_cli/coordination/resources.py": {"executed_lines": [], "summary": {"covered_lines": 0, "num_statements": 31, "percent_covered": 0.0, "percent_covered_display": "0", "missing_lines": 31, "excluded_lines": 1}, "missing_lines": [3, 4, 6, 8, 11, 26, 27, 40, 41, 43, 44, 64, 65, 67, 68, 82, 83, 84, 85, 87, 88, 97, 98, 100, 101, 110, 111, 113, 114, 124, 125], "excluded_lines": [69], "functions": {"register_coordination_resources": {"executed_lines": [], "summary": {"covered_lines": 0, "num_statements": 12, "percent_covered": 0.0, "percent_covered_display": "0", "missing_lines": 12, "excluded_lines": 0}, "missing_lines": [26, 27, 43, 44, 67, 68, 87, 88, 100, 101, 113, 114], "excluded_lines": []}, "register_coordination_resources.list_channels_resource": {"executed_lines": [], "summary": {"covered_lines": 0, "num_statements": 2, "percent_covered": 0.0, "percent_covered_display": "0", "missing_lines": 2, "excluded_lines": 0}, "missing_lines": [40, 41], "excluded_lines": []}, "register_coordination_resources.read_channel_messages": {"executed_lines": [], "summary": {"covered_lines": 0, "num_statements": 2, "percent_covered": 0.0, "percent_covered_display": "0", "missing_lines": 2, "excluded_lines": 0}, "missing_lines": [64, 65], "excluded_lines": []}, "register_coordination_resources.read_specific_message": {"executed_lines": [], "summary": {"covered_lines": 0, "num_statements": 4, "percent_covered": 0.0, "percent_covered_display": "0", "missing_lines": 4, "excluded_lines": 1}, "missing_lines": [82, 83, 84, 85], "excluded_lines": [69]}, "register_coordination_resources.read_messages_by_type": {"executed_lines": [], "summary": {"covered_lines": 0, "num_statements": 2, "percent_covered": 0.0, "percent_covered_display": "0", "missing_lines": 2, "excluded_lines": 0}, "missing_lines": [97, 98], "excluded_lines": []}, "register_coordination_resources.read_messages_since": {"executed_lines": [], "summary": {"covered_lines": 0, "num_statements": 2, "percent_covered": 0.0, "percent_covered_display": "0", "missing_lines": 2, "excluded_lines": 0}, "missing_lines": [110, 111], "excluded_lines": []}, "register_coordination_resources.coordination_stats": {"executed_lines": [], "summary": {"covered_lines": 0, "num_statements": 2, "percent_covered": 0.0, "percent_covered_display": "0", "missing_lines": 2, "excluded_lines": 0}, "missing_lines": [124, 125], "excluded_lines": []}, "": {"executed_lines": [], "summary": {"covered_lines": 0, "num_statements": 5, "percent_covered": 0.0, "percent_covered_display": "0", "missing_lines": 5, "excluded_lines": 0}, "missing_lines": [3, 4, 6, 8, 11], "excluded_lines": []}}, "classes": {"": {"executed_lines": [], "summary": {"covered_lines": 0, "num_statements": 31, "percent_covered": 0.0, "percent_covered_display": "0", "missing_lines": 31, "excluded_lines": 1}, "missing_lines": [3, 4, 6, 8, 11, 26, 27, 40, 41, 43, 44, 64, 65, 67, 68, 82, 83, 84, 85, 87, 88, 97, 98, 100, 101, 110, 111, 113, 114, 124, 125], "excluded_lines": [69]}}}, "hitl_mcp_cli/coordination/schema.py": {"executed_lines": [1, 3, 4, 7, 8, 19, 20, 23, 24, 25, 26, 29, 30, 31, 32, 33, 34, 37, 38, 39, 40, 43, 44, 47, 48, 51, 119, 120, 133, 134, 135, 140, 141, 145, 146, 147, 149, 152, 153, 155, 171, 172, 173, 174, 176, 178, 180, 182, 183, 185, 186, 187, 188, 190, 193, 196, 197, 199, 200, 211, 212, 214, 225, 226, 228, 241, 242, 244, 245, 256, 257, 259, 260], "summary": {"covered_lines": 64, "num_statements": 71, "percent_covered": 90.14084507042253, "percent_covered_display": "90", "missing_lines": 7, "excluded_lines": 0}, "missing_lines": [136, 137, 142, 191, 215, 229, 230], "excluded_lines": [], "functions": {"MessageSchema.validate_message": {"executed_lines": [133, 134, 135, 140, 141, 145, 146, 147, 149], "summary": {"covered_lines": 9, "num_statements": 12, "percent_covered": 75.0, "percent_covered_display": "75", "missing_lines": 3, "excluded_lines": 0}, "missing_lines": [136, 137, 142], "excluded_lines": []}, "CoordinationError.__init__": {"executed_lines": [171, 172, 173, 174], "summary": {"covered_lines": 4, "num_statements": 4, "percent_covered": 100.0, "percent_covered_display": "100", "missing_lines": 0, "excluded_lines": 0}, "missing_lines": [], "excluded_lines": []}, "CoordinationError.__str__": {"executed_lines": [178, 180, 182, 183, 185, 186, 187, 188, 190, 193], "summary": {"covered_lines": 10, "num_statements": 11, "percent_covered": 90.9090909090909, "percent_covered_display": "91", "missing_lines": 1, "excluded_lines": 0}, "missing_lines": [191], "excluded_lines": []}, "ChannelFullError.__init__": {"executed_lines": [200], "summary": {"covered_lines": 1, "num_statements": 1, "percent_covered": 100.0, "percent_covered_display": "100", "missing_lines": 0, "excluded_lines": 0}, "missing_lines": [], "excluded_lines": []}, "AuthenticationError.__init__": {"executed_lines": [], "summary": {"covered_lines": 0, "num_statements": 1, "percent_covered": 0.0, "percent_covered_display": "0", "missing_lines": 1, "excluded_lines": 0}, "missing_lines": [215], "excluded_lines": []}, "AuthorizationError.__init__": {"executed_lines": [], "summary": {"covered_lines": 0, "num_statements": 2, "percent_covered": 0.0, "percent_covered_display": "0", "missing_lines": 2, "excluded_lines": 0}, "missing_lines": [229, 230], "excluded_lines": []}, "LockQuotaExceeded.__init__": {"executed_lines": [245], "summary": {"covered_lines": 1, "num_statements": 1, "percent_covered": 100.0, "percent_covered_display": "100", "missing_lines": 0, "excluded_lines": 0}, "missing_lines": [], "excluded_lines": []}, "RateLimitExceeded.__init__": {"executed_lines": [260], "summary": {"covered_lines": 1, "num_statements": 1, "percent_covered": 100.0, "percent_covered_display": "100", "missing_lines": 0, "excluded_lines": 0}, "missing_lines": [], "excluded_lines": []}, "": {"executed_lines": [1, 3, 4, 7, 8, 19, 20, 23, 24, 25, 26, 29, 30, 31, 32, 33, 34, 37, 38, 39, 40, 43, 44, 47, 48, 51, 119, 120, 152, 153, 155, 176, 196, 197, 199, 211, 212, 214, 225, 226, 228, 241, 242, 244, 256, 257, 259], "summary": {"covered_lines": 38, "num_statements": 38, "percent_covered": 100.0, "percent_covered_display": "100", "missing_lines": 0, "excluded_lines": 0}, "missing_lines": [], "excluded_lines": []}}, "classes": {"MessageType": {"executed_lines": [], "summary": {"covered_lines": 0, "num_statements": 0, "percent_covered": 100.0, "percent_covered_display": "100", "missing_lines": 0, "excluded_lines": 0}, "missing_lines": [], "excluded_lines": []}, "MessageSchema": {"executed_lines": [133, 134, 135, 140, 141, 145, 146, 147, 149], "summary": {"covered_lines": 9, "num_statements": 12, "percent_covered": 75.0, "percent_covered_display": "75", "missing_lines": 3, "excluded_lines": 0}, "missing_lines": [136, 137, 142], "excluded_lines": []}, "CoordinationError": {"executed_lines": [171, 172, 173, 174, 178, 180, 182, 183, 185, 186, 187, 188, 190, 193], "summary": {"covered_lines": 14, "num_statements": 15, "percent_covered": 93.33333333333333, "percent_covered_display": "93", "missing_lines": 1, "excluded_lines": 0}, "missing_lines": [191], "excluded_lines": []}, "ChannelFullError": {"executed_lines": [200], "summary": {"covered_lines": 1, "num_statements": 1, "percent_covered": 100.0, "percent_covered_display": "100", "missing_lines": 0, "excluded_lines": 0}, "missing_lines": [], "excluded_lines": []}, "AuthenticationError": {"executed_lines": [], "summary": {"covered_lines": 0, "num_statements": 1, "percent_covered": 0.0, "percent_covered_display": "0", "missing_lines": 1, "excluded_lines": 0}, "missing_lines": [215], "excluded_lines": []}, "AuthorizationError": {"executed_lines": [], "summary": {"covered_lines": 0, "num_statements": 2, "percent_covered": 0.0, "percent_covered_display": "0", "missing_lines": 2, "excluded_lines": 0}, "missing_lines": [229, 230], "excluded_lines": []}, "LockQuotaExceeded": {"executed_lines": [245], "summary": {"covered_lines": 1, "num_statements": 1, "percent_covered": 100.0, "percent_covered_display": "100", "missing_lines": 0, "excluded_lines": 0}, "missing_lines": [], "excluded_lines": []}, "RateLimitExceeded": {"executed_lines": [260], "summary": {"covered_lines": 1, "num_statements": 1, "percent_covered": 100.0, "percent_covered_display": "100", "missing_lines": 0, "excluded_lines": 0}, "missing_lines": [], "excluded_lines": []}, "": {"executed_lines": [1, 3, 4, 7, 8, 19, 20, 23, 24, 25, 26, 29, 30, 31, 32, 33, 34, 37, 38, 39, 40, 43, 44, 47, 48, 51, 119, 120, 152, 153, 155, 176, 196, 197, 199, 211, 212, 214, 225, 226, 228, 241, 242, 244, 256, 257, 259], "summary": {"covered_lines": 38, "num_statements": 38, "percent_covered": 100.0, "percent_covered_display": "100", "missing_lines": 0, "excluded_lines": 0}, "missing_lines": [], "excluded_lines": []}}}, "hitl_mcp_cli/coordination/signing.py": {"executed_lines": [1, 3, 4, 5, 6, 9, 10, 12, 18, 23, 25, 36, 39, 42, 44, 46, 57, 58, 60, 70, 71, 72, 74, 85, 86], "summary": {"covered_lines": 23, "num_statements": 25, "percent_covered": 92.0, "percent_covered_display": "92", "missing_lines": 2, "excluded_lines": 0}, "missing_lines": [19, 21], "excluded_lines": [], "functions": {"MessageSigner.__init__": {"executed_lines": [18, 23], "summary": {"covered_lines": 2, "num_statements": 4, "percent_covered": 50.0, "percent_covered_display": "50", "missing_lines": 2, "excluded_lines": 0}, "missing_lines": [19, 21], "excluded_lines": []}, "MessageSigner.sign_message": {"executed_lines": [36, 39, 42, 44], "summary": {"covered_lines": 4, "num_statements": 4, "percent_covered": 100.0, "percent_covered_display": "100", "missing_lines": 0, "excluded_lines": 0}, "missing_lines": [], "excluded_lines": []}, "MessageSigner.verify_message": {"executed_lines": [57, 58], "summary": {"covered_lines": 2, "num_statements": 2, "percent_covered": 100.0, "percent_covered_display": "100", "missing_lines": 0, "excluded_lines": 0}, "missing_lines": [], "excluded_lines": []}, "MessageSigner.sign_payload": {"executed_lines": [70, 71, 72], "summary": {"covered_lines": 3, "num_statements": 3, "percent_covered": 100.0, "percent_covered_display": "100", "missing_lines": 0, "excluded_lines": 0}, "missing_lines": [], "excluded_lines": []}, "MessageSigner.verify_payload": {"executed_lines": [85, 86], "summary": {"covered_lines": 2, "num_statements": 2, "percent_covered": 100.0, "percent_covered_display": "100", "missing_lines": 0, "excluded_lines": 0}, "missing_lines": [], "excluded_lines": []}, "": {"executed_lines": [1, 3, 4, 5, 6, 9, 10, 12, 25, 46, 60, 74], "summary": {"covered_lines": 10, "num_statements": 10, "percent_covered": 100.0, "percent_covered_display": "100", "missing_lines": 0, "excluded_lines": 0}, "missing_lines": [], "excluded_lines": []}}, "classes": {"MessageSigner": {"executed_lines": [18, 23, 36, 39, 42, 44, 57, 58, 70, 71, 72, 85, 86], "summary": {"covered_lines": 13, "num_statements": 15, "percent_covered": 86.66666666666667, "percent_covered_display": "87", "missing_lines": 2, "excluded_lines": 0}, "missing_lines": [19, 21], "excluded_lines": []}, "": {"executed_lines": [1, 3, 4, 5, 6, 9, 10, 12, 25, 46, 60, 74], "summary": {"covered_lines": 10, "num_statements": 10, "percent_covered": 100.0, "percent_covered_display": "100", "missing_lines": 0, "excluded_lines": 0}, "missing_lines": [], "excluded_lines": []}}}, "hitl_mcp_cli/coordination/tools.py": {"executed_lines": [], "summary": {"covered_lines": 0, "num_statements": 45, "percent_covered": 0.0, "percent_covered_display": "0", "missing_lines": 45, "excluded_lines": 1}, "missing_lines": [3, 4, 6, 8, 9, 10, 13, 27, 28, 62, 65, 66, 73, 75, 76, 133, 134, 135, 136, 137, 140, 143, 153, 154, 156, 162, 163, 205, 212, 218, 219, 256, 263, 265, 266, 285, 286, 288, 289, 311, 312, 314, 315, 333, 334], "excluded_lines": [225], "functions": {"register_coordination_tools": {"executed_lines": [], "summary": {"covered_lines": 0, "num_statements": 14, "percent_covered": 0.0, "percent_covered_display": "0", "missing_lines": 14, "excluded_lines": 0}, "missing_lines": [27, 28, 75, 76, 162, 163, 218, 219, 265, 266, 288, 289, 314, 315], "excluded_lines": []}, "register_coordination_tools.join_coordination_channel": {"executed_lines": [], "summary": {"covered_lines": 0, "num_statements": 4, "percent_covered": 0.0, "percent_covered_display": "0", "missing_lines": 4, "excluded_lines": 0}, "missing_lines": [62, 65, 66, 73], "excluded_lines": []}, "register_coordination_tools.send_coordination_message": {"executed_lines": [], "summary": {"covered_lines": 0, "num_statements": 10, "percent_covered": 0.0, "percent_covered_display": "0", "missing_lines": 10, "excluded_lines": 0}, "missing_lines": [133, 134, 135, 136, 137, 140, 143, 153, 154, 156], "excluded_lines": []}, "register_coordination_tools.poll_coordination_channel": {"executed_lines": [], "summary": {"covered_lines": 0, "num_statements": 2, "percent_covered": 0.0, "percent_covered_display": "0", "missing_lines": 2, "excluded_lines": 0}, "missing_lines": [205, 212], "excluded_lines": []}, "register_coordination_tools.acquire_coordination_lock": {"executed_lines": [], "summary": {"covered_lines": 0, "num_statements": 2, "percent_covered": 0.0, "percent_covered_display": "0", "missing_lines": 2, "excluded_lines": 1}, "missing_lines": [256, 263], "excluded_lines": [225]}, "register_coordination_tools.release_coordination_lock": {"executed_lines": [], "summary": {"covered_lines": 0, "num_statements": 2, "percent_covered": 0.0, "percent_covered_display": "0", "missing_lines": 2, "excluded_lines": 0}, "missing_lines": [285, 286], "excluded_lines": []}, "register_coordination_tools.list_coordination_locks": {"executed_lines": [], "summary": {"covered_lines": 0, "num_statements": 2, "percent_covered": 0.0, "percent_covered_display": "0", "missing_lines": 2, "excluded_lines": 0}, "missing_lines": [311, 312], "excluded_lines": []}, "register_coordination_tools.leave_coordination_channel": {"executed_lines": [], "summary": {"covered_lines": 0, "num_statements": 2, "percent_covered": 0.0, "percent_covered_display": "0", "missing_lines": 2, "excluded_lines": 0}, "missing_lines": [333, 334], "excluded_lines": []}, "": {"executed_lines": [], "summary": {"covered_lines": 0, "num_statements": 7, "percent_covered": 0.0, "percent_covered_display": "0", "missing_lines": 7, "excluded_lines": 0}, "missing_lines": [3, 4, 6, 8, 9, 10, 13], "excluded_lines": []}}, "classes": {"": {"executed_lines": [], "summary": {"covered_lines": 0, "num_statements": 45, "percent_covered": 0.0, "percent_covered_display": "0", "missing_lines": 45, "excluded_lines": 1}, "missing_lines": [3, 4, 6, 8, 9, 10, 13, 27, 28, 62, 65, 66, 73, 75, 76, 133, 134, 135, 136, 137, 140, 143, 153, 154, 156, 162, 163, 205, 212, 218, 219, 256, 263, 265, 266, 285, 286, 288, 289, 311, 312, 314, 315, 333, 334], "excluded_lines": [225]}}}, "hitl_mcp_cli/coordination/tools_enhanced.py": {"executed_lines": [], "summary": {"covered_lines": 0, "num_statements": 105, "percent_covered": 0.0, "percent_covered_display": "0", "missing_lines": 105, "excluded_lines": 0}, "missing_lines": [3, 4, 5, 7, 9, 10, 11, 12, 13, 14, 16, 19, 38, 39, 40, 42, 43, 52, 53, 54, 56, 57, 60, 61, 63, 66, 67, 74, 76, 77, 107, 108, 109, 111, 112, 114, 115, 118, 119, 122, 123, 124, 125, 126, 129, 132, 141, 143, 149, 150, 160, 161, 162, 164, 165, 167, 168, 171, 172, 174, 181, 187, 188, 197, 198, 199, 201, 202, 205, 206, 208, 215, 217, 218, 223, 224, 225, 227, 228, 230, 231, 234, 235, 236, 238, 239, 242, 243, 245, 246, 248, 249, 251, 252, 253, 255, 256, 258, 260, 261, 265, 266, 267, 269, 270], "excluded_lines": [], "functions": {"register_coordination_tools_enhanced": {"executed_lines": [], "summary": {"covered_lines": 0, "num_statements": 19, "percent_covered": 0.0, "percent_covered_display": "0", "missing_lines": 19, "excluded_lines": 0}, "missing_lines": [38, 39, 40, 42, 43, 76, 77, 149, 150, 187, 188, 217, 218, 230, 231, 248, 249, 260, 261], "excluded_lines": []}, "register_coordination_tools_enhanced.join_coordination_channel": {"executed_lines": [], "summary": {"covered_lines": 0, "num_statements": 11, "percent_covered": 0.0, "percent_covered_display": "0", "missing_lines": 11, "excluded_lines": 0}, "missing_lines": [52, 53, 54, 56, 57, 60, 61, 63, 66, 67, 74], "excluded_lines": []}, "register_coordination_tools_enhanced.send_coordination_message": {"executed_lines": [], "summary": {"covered_lines": 0, "num_statements": 18, "percent_covered": 0.0, "percent_covered_display": "0", "missing_lines": 18, "excluded_lines": 0}, "missing_lines": [107, 108, 109, 111, 112, 114, 115, 118, 119, 122, 123, 124, 125, 126, 129, 132, 141, 143], "excluded_lines": []}, "register_coordination_tools_enhanced.poll_coordination_channel": {"executed_lines": [], "summary": {"covered_lines": 0, "num_statements": 11, "percent_covered": 0.0, "percent_covered_display": "0", "missing_lines": 11, "excluded_lines": 0}, "missing_lines": [160, 161, 162, 164, 165, 167, 168, 171, 172, 174, 181], "excluded_lines": []}, "register_coordination_tools_enhanced.acquire_coordination_lock": {"executed_lines": [], "summary": {"covered_lines": 0, "num_statements": 9, "percent_covered": 0.0, "percent_covered_display": "0", "missing_lines": 9, "excluded_lines": 0}, "missing_lines": [197, 198, 199, 201, 202, 205, 206, 208, 215], "excluded_lines": []}, "register_coordination_tools_enhanced.release_coordination_lock": {"executed_lines": [], "summary": {"covered_lines": 0, "num_statements": 5, "percent_covered": 0.0, "percent_covered_display": "0", "missing_lines": 5, "excluded_lines": 0}, "missing_lines": [223, 224, 225, 227, 228], "excluded_lines": []}, "register_coordination_tools_enhanced.heartbeat": {"executed_lines": [], "summary": {"covered_lines": 0, "num_statements": 9, "percent_covered": 0.0, "percent_covered_display": "0", "missing_lines": 9, "excluded_lines": 0}, "missing_lines": [234, 235, 236, 238, 239, 242, 243, 245, 246], "excluded_lines": []}, "register_coordination_tools_enhanced.get_rate_limit_status": {"executed_lines": [], "summary": {"covered_lines": 0, "num_statements": 6, "percent_covered": 0.0, "percent_covered_display": "0", "missing_lines": 6, "excluded_lines": 0}, "missing_lines": [251, 252, 253, 255, 256, 258], "excluded_lines": []}, "register_coordination_tools_enhanced.leave_coordination_channel": {"executed_lines": [], "summary": {"covered_lines": 0, "num_statements": 5, "percent_covered": 0.0, "percent_covered_display": "0", "missing_lines": 5, "excluded_lines": 0}, "missing_lines": [265, 266, 267, 269, 270], "excluded_lines": []}, "": {"executed_lines": [], "summary": {"covered_lines": 0, "num_statements": 12, "percent_covered": 0.0, "percent_covered_display": "0", "missing_lines": 12, "excluded_lines": 0}, "missing_lines": [3, 4, 5, 7, 9, 10, 11, 12, 13, 14, 16, 19], "excluded_lines": []}}, "classes": {"": {"executed_lines": [], "summary": {"covered_lines": 0, "num_statements": 105, "percent_covered": 0.0, "percent_covered_display": "0", "missing_lines": 105, "excluded_lines": 0}, "missing_lines": [3, 4, 5, 7, 9, 10, 11, 12, 13, 14, 16, 19, 38, 39, 40, 42, 43, 52, 53, 54, 56, 57, 60, 61, 63, 66, 67, 74, 76, 77, 107, 108, 109, 111, 112, 114, 115, 118, 119, 122, 123, 124, 125, 126, 129, 132, 141, 143, 149, 150, 160, 161, 162, 164, 165, 167, 168, 171, 172, 174, 181, 187, 188, 197, 198, 199, 201, 202, 205, 206, 208, 215, 217, 218, 223, 224, 225, 227, 228, 230, 231, 234, 235, 236, 238, 239, 242, 243, 245, 246, 248, 249, 251, 252, 253, 255, 256, 258, 260, 261, 265, 266, 267, 269, 270], "excluded_lines": []}}}, "hitl_mcp_cli/server.py": {"executed_lines": [], "summary": {"covered_lines": 0, "num_statements": 64, "percent_covered": 0.0, "percent_covered_display": "0", "missing_lines": 64, "excluded_lines": 0}, "missing_lines": [3, 4, 6, 8, 11, 13, 105, 106, 131, 132, 133, 134, 135, 136, 137, 140, 141, 165, 166, 167, 168, 169, 170, 171, 172, 173, 174, 177, 178, 199, 200, 201, 202, 203, 204, 205, 208, 209, 237, 238, 239, 240, 241, 242, 243, 246, 247, 270, 271, 272, 273, 274, 279, 280, 282, 283, 284, 285, 286, 289, 290, 293, 294, 297], "excluded_lines": [], "functions": {"request_text_input": {"executed_lines": [], "summary": {"covered_lines": 0, "num_statements": 7, "percent_covered": 0.0, "percent_covered_display": "0", "missing_lines": 7, "excluded_lines": 0}, "missing_lines": [131, 132, 133, 134, 135, 136, 137], "excluded_lines": []}, "request_selection": {"executed_lines": [], "summary": {"covered_lines": 0, "num_statements": 10, "percent_covered": 0.0, "percent_covered_display": "0", "missing_lines": 10, "excluded_lines": 0}, "missing_lines": [165, 166, 167, 168, 169, 170, 171, 172, 173, 174], "excluded_lines": []}, "request_confirmation": {"executed_lines": [], "summary": {"covered_lines": 0, "num_statements": 7, "percent_covered": 0.0, "percent_covered_display": "0", "missing_lines": 7, "excluded_lines": 0}, "missing_lines": [199, 200, 201, 202, 203, 204, 205], "excluded_lines": []}, "request_path_input": {"executed_lines": [], "summary": {"covered_lines": 0, "num_statements": 7, "percent_covered": 0.0, "percent_covered_display": "0", "missing_lines": 7, "excluded_lines": 0}, "missing_lines": [237, 238, 239, 240, 241, 242, 243], "excluded_lines": []}, "notify_completion": {"executed_lines": [], "summary": {"covered_lines": 0, "num_statements": 5, "percent_covered": 0.0, "percent_covered_display": "0", "missing_lines": 5, "excluded_lines": 0}, "missing_lines": [270, 271, 272, 273, 274], "excluded_lines": []}, "": {"executed_lines": [], "summary": {"covered_lines": 0, "num_statements": 28, "percent_covered": 0.0, "percent_covered_display": "0", "missing_lines": 28, "excluded_lines": 0}, "missing_lines": [3, 4, 6, 8, 11, 13, 105, 106, 140, 141, 177, 178, 208, 209, 246, 247, 279, 280, 282, 283, 284, 285, 286, 289, 290, 293, 294, 297], "excluded_lines": []}}, "classes": {"": {"executed_lines": [], "summary": {"covered_lines": 0, "num_statements": 64, "percent_covered": 0.0, "percent_covered_display": "0", "missing_lines": 64, "excluded_lines": 0}, "missing_lines": [3, 4, 6, 8, 11, 13, 105, 106, 131, 132, 133, 134, 135, 136, 137, 140, 141, 165, 166, 167, 168, 169, 170, 171, 172, 173, 174, 177, 178, 199, 200, 201, 202, 203, 204, 205, 208, 209, 237, 238, 239, 240, 241, 242, 243, 246, 247, 270, 271, 272, 273, 274, 279, 280, 282, 283, 284, 285, 286, 289, 290, 293, 294, 297], "excluded_lines": []}}}, "hitl_mcp_cli/ui/__init__.py": {"executed_lines": [], "summary": {"covered_lines": 0, "num_statements": 4, "percent_covered": 0.0, "percent_covered_display": "0", "missing_lines": 4, "excluded_lines": 0}, "missing_lines": [3, 4, 5, 14], "excluded_lines": [], "functions": {"": {"executed_lines": [], "summary": {"covered_lines": 0, "num_statements": 4, "percent_covered": 0.0, "percent_covered_display": "0", "missing_lines": 4, "excluded_lines": 0}, "missing_lines": [3, 4, 5, 14], "excluded_lines": []}}, "classes": {"": {"executed_lines": [], "summary": {"covered_lines": 0, "num_statements": 4, "percent_covered": 0.0, "percent_covered_display": "0", "missing_lines": 4, "excluded_lines": 0}, "missing_lines": [3, 4, 5, 14], "excluded_lines": []}}}, "hitl_mcp_cli/ui/banner.py": {"executed_lines": [], "summary": {"covered_lines": 0, "num_statements": 27, "percent_covered": 0.0, "percent_covered_display": "0", "missing_lines": 27, "excluded_lines": 0}, "missing_lines": [3, 4, 6, 9, 11, 21, 31, 34, 35, 36, 38, 39, 40, 43, 44, 47, 48, 49, 50, 51, 52, 53, 54, 56, 58, 59, 60], "excluded_lines": [], "functions": {"create_banner_text": {"executed_lines": [], "summary": {"covered_lines": 0, "num_statements": 1, "percent_covered": 0.0, "percent_covered_display": "0", "missing_lines": 1, "excluded_lines": 0}, "missing_lines": [11], "excluded_lines": []}, "display_banner": {"executed_lines": [], "summary": {"covered_lines": 0, "num_statements": 21, "percent_covered": 0.0, "percent_covered_display": "0", "missing_lines": 21, "excluded_lines": 0}, "missing_lines": [31, 34, 35, 36, 38, 39, 40, 43, 44, 47, 48, 49, 50, 51, 52, 53, 54, 56, 58, 59, 60], "excluded_lines": []}, "": {"executed_lines": [], "summary": {"covered_lines": 0, "num_statements": 5, "percent_covered": 0.0, "percent_covered_display": "0", "missing_lines": 5, "excluded_lines": 0}, "missing_lines": [3, 4, 6, 9, 21], "excluded_lines": []}}, "classes": {"": {"executed_lines": [], "summary": {"covered_lines": 0, "num_statements": 27, "percent_covered": 0.0, "percent_covered_display": "0", "missing_lines": 27, "excluded_lines": 0}, "missing_lines": [3, 4, 6, 9, 11, 21, 31, 34, 35, 36, 38, 39, 40, 43, 44, 47, 48, 49, 50, 51, 52, 53, 54, 56, 58, 59, 60], "excluded_lines": []}}}, "hitl_mcp_cli/ui/feedback.py": {"executed_lines": [], "summary": {"covered_lines": 0, "num_statements": 32, "percent_covered": 0.0, "percent_covered_display": "0", "missing_lines": 32, "excluded_lines": 0}, "missing_lines": [3, 4, 6, 7, 8, 9, 11, 14, 15, 26, 27, 28, 31, 37, 38, 39, 40, 43, 49, 50, 51, 52, 55, 61, 62, 63, 64, 67, 73, 74, 75, 76], "excluded_lines": [], "functions": {"loading_indicator": {"executed_lines": [], "summary": {"covered_lines": 0, "num_statements": 3, "percent_covered": 0.0, "percent_covered_display": "0", "missing_lines": 3, "excluded_lines": 0}, "missing_lines": [26, 27, 28], "excluded_lines": []}, "show_success": {"executed_lines": [], "summary": {"covered_lines": 0, "num_statements": 4, "percent_covered": 0.0, "percent_covered_display": "0", "missing_lines": 4, "excluded_lines": 0}, "missing_lines": [37, 38, 39, 40], "excluded_lines": []}, "show_error": {"executed_lines": [], "summary": {"covered_lines": 0, "num_statements": 4, "percent_covered": 0.0, "percent_covered_display": "0", "missing_lines": 4, "excluded_lines": 0}, "missing_lines": [49, 50, 51, 52], "excluded_lines": []}, "show_info": {"executed_lines": [], "summary": {"covered_lines": 0, "num_statements": 4, "percent_covered": 0.0, "percent_covered_display": "0", "missing_lines": 4, "excluded_lines": 0}, "missing_lines": [61, 62, 63, 64], "excluded_lines": []}, "show_warning": {"executed_lines": [], "summary": {"covered_lines": 0, "num_statements": 4, "percent_covered": 0.0, "percent_covered_display": "0", "missing_lines": 4, "excluded_lines": 0}, "missing_lines": [73, 74, 75, 76], "excluded_lines": []}, "": {"executed_lines": [], "summary": {"covered_lines": 0, "num_statements": 13, "percent_covered": 0.0, "percent_covered_display": "0", "missing_lines": 13, "excluded_lines": 0}, "missing_lines": [3, 4, 6, 7, 8, 9, 11, 14, 15, 31, 43, 55, 67], "excluded_lines": []}}, "classes": {"": {"executed_lines": [], "summary": {"covered_lines": 0, "num_statements": 32, "percent_covered": 0.0, "percent_covered_display": "0", "missing_lines": 32, "excluded_lines": 0}, "missing_lines": [3, 4, 6, 7, 8, 9, 11, 14, 15, 26, 27, 28, 31, 37, 38, 39, 40, 43, 49, 50, 51, 52, 55, 61, 62, 63, 64, 67, 73, 74, 75, 76], "excluded_lines": []}}}, "hitl_mcp_cli/ui/prompts.py": {"executed_lines": [], "summary": {"covered_lines": 0, "num_statements": 131, "percent_covered": 0.0, "percent_covered_display": "0", "missing_lines": 131, "excluded_lines": 0}, "missing_lines": [3, 4, 5, 6, 7, 8, 10, 11, 12, 13, 14, 15, 16, 18, 25, 28, 41, 44, 45, 46, 48, 51, 52, 58, 59, 60, 61, 62, 63, 64, 67, 68, 69, 72, 73, 74, 76, 78, 79, 80, 81, 82, 83, 84, 86, 88, 89, 97, 98, 100, 102, 109, 110, 113, 114, 118, 119, 120, 122, 123, 124, 126, 129, 130, 138, 145, 146, 149, 150, 154, 155, 156, 158, 159, 160, 162, 164, 172, 173, 176, 177, 181, 182, 183, 185, 186, 187, 189, 191, 196, 197, 200, 201, 207, 208, 209, 211, 212, 213, 214, 215, 216, 218, 220, 221, 222, 224, 226, 232, 233, 236, 240, 241, 242, 245, 246, 247, 249, 250, 251, 252, 255, 261, 262, 264, 273, 280, 281, 282, 285, 286], "excluded_lines": [], "functions": {"sync_to_async": {"executed_lines": [], "summary": {"covered_lines": 0, "num_statements": 3, "percent_covered": 0.0, "percent_covered_display": "0", "missing_lines": 3, "excluded_lines": 0}, "missing_lines": [44, 45, 48], "excluded_lines": []}, "sync_to_async.wrapper": {"executed_lines": [], "summary": {"covered_lines": 0, "num_statements": 1, "percent_covered": 0.0, "percent_covered_display": "0", "missing_lines": 1, "excluded_lines": 0}, "missing_lines": [46], "excluded_lines": []}, "prompt_text": {"executed_lines": [], "summary": {"covered_lines": 0, "num_statements": 24, "percent_covered": 0.0, "percent_covered_display": "0", "missing_lines": 24, "excluded_lines": 0}, "missing_lines": [58, 67, 68, 69, 72, 73, 74, 76, 78, 79, 80, 81, 82, 83, 84, 86, 88, 89, 97, 98, 100, 102, 109, 110], "excluded_lines": []}, "prompt_text.validator": {"executed_lines": [], "summary": {"covered_lines": 0, "num_statements": 6, "percent_covered": 0.0, "percent_covered_display": "0", "missing_lines": 6, "excluded_lines": 0}, "missing_lines": [59, 60, 61, 62, 63, 64], "excluded_lines": []}, "prompt_select": {"executed_lines": [], "summary": {"covered_lines": 0, "num_statements": 12, "percent_covered": 0.0, "percent_covered_display": "0", "missing_lines": 12, "excluded_lines": 0}, "missing_lines": [118, 119, 120, 122, 123, 124, 126, 129, 130, 138, 145, 146], "excluded_lines": []}, "prompt_checkbox": {"executed_lines": [], "summary": {"covered_lines": 0, "num_statements": 10, "percent_covered": 0.0, "percent_covered_display": "0", "missing_lines": 10, "excluded_lines": 0}, "missing_lines": [154, 155, 156, 158, 159, 160, 162, 164, 172, 173], "excluded_lines": []}, "prompt_confirm": {"executed_lines": [], "summary": {"covered_lines": 0, "num_statements": 10, "percent_covered": 0.0, "percent_covered_display": "0", "missing_lines": 10, "excluded_lines": 0}, "missing_lines": [181, 182, 183, 185, 186, 187, 189, 191, 196, 197], "excluded_lines": []}, "prompt_path": {"executed_lines": [], "summary": {"covered_lines": 0, "num_statements": 17, "percent_covered": 0.0, "percent_covered_display": "0", "missing_lines": 17, "excluded_lines": 0}, "missing_lines": [207, 208, 209, 211, 212, 213, 214, 215, 216, 218, 220, 221, 222, 224, 226, 232, 233], "excluded_lines": []}, "display_notification": {"executed_lines": [], "summary": {"covered_lines": 0, "num_statements": 10, "percent_covered": 0.0, "percent_covered_display": "0", "missing_lines": 10, "excluded_lines": 0}, "missing_lines": [240, 241, 242, 245, 246, 247, 249, 250, 251, 252], "excluded_lines": []}, "_has_markdown": {"executed_lines": [], "summary": {"covered_lines": 0, "num_statements": 3, "percent_covered": 0.0, "percent_covered_display": "0", "missing_lines": 3, "excluded_lines": 0}, "missing_lines": [261, 262, 264], "excluded_lines": []}, "_render_markdown_prompt": {"executed_lines": [], "summary": {"covered_lines": 0, "num_statements": 5, "percent_covered": 0.0, "percent_covered_display": "0", "missing_lines": 5, "excluded_lines": 0}, "missing_lines": [280, 281, 282, 285, 286], "excluded_lines": []}, "": {"executed_lines": [], "summary": {"covered_lines": 0, "num_statements": 30, "percent_covered": 0.0, "percent_covered_display": "0", "missing_lines": 30, "excluded_lines": 0}, "missing_lines": [3, 4, 5, 6, 7, 8, 10, 11, 12, 13, 14, 15, 16, 18, 25, 28, 41, 51, 52, 113, 114, 149, 150, 176, 177, 200, 201, 236, 255, 273], "excluded_lines": []}}, "classes": {"": {"executed_lines": [], "summary": {"covered_lines": 0, "num_statements": 131, "percent_covered": 0.0, "percent_covered_display": "0", "missing_lines": 131, "excluded_lines": 0}, "missing_lines": [3, 4, 5, 6, 7, 8, 10, 11, 12, 13, 14, 15, 16, 18, 25, 28, 41, 44, 45, 46, 48, 51, 52, 58, 59, 60, 61, 62, 63, 64, 67, 68, 69, 72, 73, 74, 76, 78, 79, 80, 81, 82, 83, 84, 86, 88, 89, 97, 98, 100, 102, 109, 110, 113, 114, 118, 119, 120, 122, 123, 124, 126, 129, 130, 138, 145, 146, 149, 150, 154, 155, 156, 158, 159, 160, 162, 164, 172, 173, 176, 177, 181, 182, 183, 185, 186, 187, 189, 191, 196, 197, 200, 201, 207, 208, 209, 211, 212, 213, 214, 215, 216, 218, 220, 221, 222, 224, 226, 232, 233, 236, 240, 241, 242, 245, 246, 247, 249, 250, 251, 252, 255, 261, 262, 264, 273, 280, 281, 282, 285, 286], "excluded_lines": []}}}}, "totals": {"covered_lines": 564, "num_statements": 1241, "percent_covered": 45.44721998388396, "percent_covered_display": "45", "missing_lines": 677, "excluded_lines": 2}}